TN:
SF:/Users/demo/Documents/development/nami/nami/contracts/nami-affiliate/src/bin/schema.rs
FN:5,main
FNF:1
FNDA:0,main
DA:5,0
DA:6,0
DA:7,0
DA:8,0
DA:9,0
DA:10,0
LF:6
LH:0
end_of_record
TN:
SF:/Users/demo/Documents/development/nami/nami/contracts/nami-affiliate/src/contract.rs
FN:16,instantiate
FN:27,execute
FN:109,query
FNF:3
FNDA:2,instantiate
FNDA:9,execute
FNDA:0,query
DA:16,2
DA:22,2
DA:23,2
DA:27,9
DA:33,9
DA:35,4
DA:36,4
DA:37,4
DA:38,4
DA:39,4
DA:40,4
DA:41,4
DA:42,4
DA:44,3
DA:45,1
DA:46,4
DA:47,2
DA:49,4
DA:50,4
DA:51,2
DA:52,2
DA:53,2
DA:54,2
DA:55,2
DA:56,2
DA:57,2
DA:62,0
DA:63,2
DA:65,2
DA:66,2
DA:67,2
DA:68,2
DA:72,2
DA:75,6
DA:76,3
DA:77,3
DA:78,3
DA:79,3
DA:81,3
DA:82,3
DA:83,3
DA:84,3
DA:86,3
DA:89,3
DA:91,5
DA:92,5
DA:93,5
DA:94,5
DA:95,1
DA:97,8
DA:98,0
DA:100,4
DA:101,4
DA:102,4
DA:109,0
DA:110,0
LF:56
LH:52
end_of_record
TN:
SF:/Users/demo/Documents/development/nami/nami/contracts/nami-affiliate/src/events.rs
FN:3,execute_event
FNF:1
FNDA:4,execute_event
DA:3,4
DA:4,4
DA:5,4
DA:6,7
DA:7,0
DA:8,0
DA:9,0
DA:11,1
DA:12,1
DA:13,1
DA:15,4
LF:11
LH:8
end_of_record
TN:
SF:/Users/demo/Documents/development/nami/nami/contracts/nami-index-entry-adapter/src/bin/schema.rs
FN:5,main
FNF:1
FNDA:0,main
DA:5,0
DA:6,0
DA:7,0
DA:8,0
DA:9,0
DA:10,0
LF:6
LH:0
end_of_record
TN:
SF:/Users/demo/Documents/development/nami/nami/contracts/nami-index-entry-adapter/src/config.rs
FN:14,<impl From for Config>::from
FN:22,Config::load
FN:26,Config::save
FNF:3
FNDA:2,<impl From for Config>::from
FNDA:20,Config::load
FNDA:2,Config::save
DA:14,2
DA:16,2
DA:22,20
DA:23,20
DA:26,2
DA:27,2
LF:6
LH:6
end_of_record
TN:
SF:/Users/demo/Documents/development/nami/nami/contracts/nami-index-entry-adapter/src/contract.rs
FN:26,instantiate
FN:48,execute
FN:211,sudo
FN:232,query
FNF:4
FNDA:2,instantiate
FNDA:17,execute
FNDA:2,sudo
FNDA:3,query
DA:26,2
DA:32,2
DA:33,2
DA:34,2
DA:35,8
DA:36,6
DA:37,6
DA:38,6
DA:39,6
DA:40,6
DA:41,6
DA:44,2
DA:48,17
DA:54,34
DA:55,0
DA:56,6
DA:57,6
DA:58,5
DA:59,0
DA:60,0
DA:66,17
DA:67,33
DA:68,17
DA:69,17
DA:70,17
DA:71,17
DA:72,17
DA:73,17
DA:75,17
DA:77,0
DA:78,0
DA:81,0
DA:82,0
DA:83,0
DA:84,1
DA:85,1
DA:86,1
DA:91,4
DA:92,4
DA:96,4
DA:98,4
DA:100,1
DA:101,2
DA:102,1
DA:104,0
DA:105,0
DA:109,0
DA:111,0
DA:112,0
DA:113,1
DA:115,10
DA:116,10
DA:117,10
DA:118,10
DA:119,0
DA:121,10
DA:122,4
DA:123,4
DA:124,4
DA:125,0
DA:126,0
DA:127,0
DA:128,8
DA:129,0
DA:130,0
DA:131,0
DA:132,0
DA:133,0
DA:138,4
DA:139,4
DA:143,4
DA:145,4
DA:147,4
DA:149,1
DA:150,2
DA:151,1
DA:153,3
DA:154,3
DA:155,3
DA:156,3
DA:157,3
DA:158,3
DA:159,3
DA:160,3
DA:161,3
DA:163,3
DA:165,3
DA:169,0
DA:170,0
DA:171,0
DA:172,0
DA:173,0
DA:174,0
DA:176,1
DA:178,1
DA:181,1
DA:183,5
DA:184,10
DA:185,5
DA:187,5
DA:188,5
DA:189,0
DA:190,0
DA:191,0
DA:192,0
DA:196,5
DA:197,5
DA:198,5
DA:200,5
DA:203,5
DA:211,2
DA:212,4
DA:213,0
DA:214,1
DA:215,1
DA:216,1
DA:217,1
DA:218,1
DA:219,1
DA:220,1
DA:222,1
DA:224,1
DA:225,1
DA:226,1
DA:232,3
DA:233,3
DA:234,1
DA:236,2
DA:237,0
DA:239,1
DA:240,2
DA:241,0
LF:132
LH:97
end_of_record
TN:
SF:/Users/demo/Documents/development/nami/nami/contracts/nami-index-entry-adapter/src/index.rs
FN:19,Index::load
FN:30,Index::deposit_msg
FN:86,Index::withdraw_msg
FNF:3
FNDA:5,Index::load
FNDA:8,Index::deposit_msg
FNDA:1,Index::withdraw_msg
DA:19,5
DA:20,5
DA:21,5
DA:22,0
DA:23,0
DA:24,0
DA:25,0
DA:26,0
DA:30,8
DA:35,15
DA:36,8
DA:38,27
DA:39,38
DA:41,1
DA:42,1
DA:45,18
DA:46,18
DA:50,6
DA:52,18
DA:54,7
DA:55,2
DA:57,6
DA:61,16
DA:62,32
DA:63,16
DA:65,5
DA:66,5
DA:67,5
DA:68,5
DA:69,5
DA:72,16
DA:78,0
DA:83,6
DA:86,1
DA:87,1
DA:88,1
DA:89,1
DA:90,1
DA:92,1
LF:39
LH:33
end_of_record
TN:
SF:/Users/demo/Documents/development/nami/nami/contracts/nami-index-entry-adapter/src/state.rs
FN:15,Status<'a>::new
FN:21,Status<'a>::add_contract
FN:40,Status<'a>::remove_contract
FN:45,Status<'a>::swap_msg
FN:68,Status<'a>::get_swap_contracts
FN:78,Status<'a>::get
FNF:6
FNDA:0,Status<'a>::new
FNDA:7,Status<'a>::add_contract
FNDA:1,Status<'a>::remove_contract
FNDA:23,Status<'a>::swap_msg
FNDA:1,Status<'a>::get_swap_contracts
FNDA:1,Status<'a>::get
DA:15,0
DA:17,0
DA:21,7
DA:29,7
DA:30,7
DA:31,0
DA:32,0
DA:33,0
DA:34,0
DA:36,7
DA:37,7
DA:40,1
DA:41,1
DA:42,1
DA:45,23
DA:52,23
DA:53,23
DA:54,22
DA:55,22
DA:56,22
DA:57,22
DA:58,22
DA:59,22
DA:61,22
DA:63,22
DA:64,1
DA:68,1
DA:69,1
DA:70,1
DA:71,4
DA:72,6
DA:73,0
DA:78,1
DA:79,1
LF:34
LH:27
end_of_record
TN:
SF:/Users/demo/Documents/development/nami/nami/contracts/nami-index-fixed/src/bin/schema.rs
FN:5,main
FNF:1
FNDA:0,main
DA:5,0
DA:6,0
DA:7,0
DA:8,0
DA:9,0
DA:10,0
LF:6
LH:0
end_of_record
TN:
SF:/Users/demo/Documents/development/nami/nami/contracts/nami-index-fixed/src/config.rs
FN:15,Config::new
FN:22,Config::load
FN:26,Config::save
FN:30,Config::update
FN:39,<impl From for ConfigResponse>::from
FNF:5
FNDA:12,Config::new
FNDA:55,Config::load
FNDA:14,Config::save
FNDA:4,Config::update
FNDA:1,<impl From for ConfigResponse>::from
DA:15,12
DA:16,12
DA:17,12
DA:18,12
DA:22,55
DA:23,55
DA:26,14
DA:27,14
DA:30,4
DA:31,6
DA:32,2
DA:34,3
DA:39,1
DA:41,1
DA:42,1
LF:15
LH:15
end_of_record
TN:
SF:/Users/demo/Documents/development/nami/nami/contracts/nami-index-fixed/src/contract.rs
FN:28,instantiate
FN:53,execute
FN:137,sudo
FN:179,query
FNF:4
FNDA:12,instantiate
FNDA:21,execute
FNDA:13,sudo
FNDA:20,query
DA:28,12
DA:34,12
DA:35,24
DA:36,0
DA:38,12
DA:39,12
DA:41,12
DA:42,12
DA:43,12
DA:44,12
DA:45,12
DA:46,12
DA:49,12
DA:53,21
DA:59,42
DA:60,21
DA:62,0
DA:63,0
DA:65,0
DA:66,21
DA:67,21
DA:68,21
DA:70,24
DA:71,0
DA:72,0
DA:73,0
DA:74,0
DA:76,12
DA:77,12
DA:80,6
DA:81,3
DA:82,3
DA:83,6
DA:84,0
DA:85,0
DA:86,0
DA:87,0
DA:90,0
DA:93,0
DA:94,0
DA:95,0
DA:96,0
DA:98,3
DA:100,3
DA:101,6
DA:102,0
DA:103,0
DA:104,3
DA:105,0
DA:106,0
DA:108,0
DA:109,0
DA:114,0
DA:117,0
DA:118,0
DA:119,3
DA:121,3
DA:126,6
DA:129,23
DA:130,2
DA:132,0
DA:133,21
DA:137,13
DA:138,26
DA:140,0
DA:141,0
DA:143,13
DA:144,0
DA:145,0
DA:146,3
DA:147,3
DA:148,3
DA:149,3
DA:152,1
DA:153,1
DA:154,1
DA:155,1
DA:156,1
DA:157,1
DA:158,1
DA:160,2
DA:161,3
DA:162,1
DA:164,7
DA:165,7
DA:166,7
DA:167,7
DA:168,7
DA:169,7
DA:170,7
DA:172,6
DA:173,6
DA:179,20
DA:180,40
DA:182,0
DA:183,0
DA:185,0
DA:186,0
DA:187,2
DA:189,18
DA:190,18
LF:101
LH:66
end_of_record
TN:
SF:/Users/demo/Documents/development/nami/nami/contracts/nami-index-fixed/src/events.rs
FN:3,event_deposit
FN:16,event_withdraw
FN:29,event_reallocate
FNF:3
FNDA:12,event_deposit
FNDA:3,event_withdraw
FNDA:3,event_reallocate
DA:3,12
DA:4,12
DA:6,59
DA:10,12
DA:11,12
DA:12,12
DA:13,12
DA:16,3
DA:17,3
DA:19,15
DA:23,3
DA:24,3
DA:25,3
DA:26,3
DA:29,3
DA:30,3
DA:31,3
DA:32,3
DA:33,3
LF:19
LH:19
end_of_record
TN:
SF:/Users/demo/Documents/development/nami/nami/contracts/nami-index-fixed/src/vault.rs
FN:20,Vault<'a>::new
FN:27,Vault<'a>::init
FN:39,Vault<'a>::add_allocation
FN:59,Vault<'a>::deposit
FN:83,Vault<'a>::withdraw
FN:97,Vault<'a>::rebalance
FN:125,Vault<'a>::reallocate
FN:154,Vault<'a>::remove_allocation
FN:164,Vault<'a>::status
FNF:9
FNDA:46,Vault<'a>::new
FNDA:12,Vault<'a>::init
FNDA:40,Vault<'a>::add_allocation
FNDA:12,Vault<'a>::deposit
FNDA:3,Vault<'a>::withdraw
FNDA:24,Vault<'a>::rebalance
FNDA:3,Vault<'a>::reallocate
FNDA:2,Vault<'a>::remove_allocation
FNDA:18,Vault<'a>::status
DA:20,46
DA:27,12
DA:33,78
DA:34,0
DA:36,12
DA:39,40
DA:47,80
DA:48,40
DA:49,0
DA:50,0
DA:51,0
DA:52,0
DA:53,1
DA:55,39
DA:56,39
DA:59,12
DA:60,12
DA:62,59
DA:65,12
DA:67,47
DA:68,70
DA:69,35
DA:70,0
DA:71,0
DA:72,0
DA:73,23
DA:74,12
DA:75,46
DA:76,0
DA:80,12
DA:83,3
DA:87,3
DA:88,3
DA:89,12
DA:90,18
DA:91,9
DA:92,9
DA:97,24
DA:102,24
DA:103,3
DA:106,21
DA:107,0
DA:108,62
DA:109,124
DA:110,0
DA:114,145
DA:115,62
DA:116,0
DA:117,0
DA:118,0
DA:119,0
DA:122,21
DA:125,3
DA:133,6
DA:134,3
DA:136,0
DA:138,9
DA:140,3
DA:142,0
DA:143,0
DA:144,0
DA:145,0
DA:146,0
DA:147,0
DA:149,3
DA:151,3
DA:154,2
DA:158,4
DA:159,1
DA:160,1
DA:161,1
DA:164,18
DA:168,36
DA:169,18
DA:170,195
DA:173,0
DA:174,0
DA:175,0
LF:78
LH:53
end_of_record
TN:
SF:/Users/demo/Documents/development/nami/nami/contracts/nami-index-nav/src/bin/schema.rs
FN:5,main
FNF:1
FNDA:0,main
DA:5,0
DA:6,0
DA:7,0
DA:8,0
DA:9,0
DA:10,0
LF:6
LH:0
end_of_record
TN:
SF:/Users/demo/Documents/development/nami/nami/contracts/nami-index-nav/src/config.rs
FN:17,Config::new
FN:24,Config::load
FN:28,Config::save
FN:32,Config::update
FN:45,<impl From for ConfigResponse>::from
FNF:5
FNDA:7,Config::new
FNDA:33,Config::load
FNDA:9,Config::save
FNDA:4,Config::update
FNDA:3,<impl From for ConfigResponse>::from
DA:17,7
DA:18,7
DA:19,7
DA:20,7
DA:24,33
DA:25,33
DA:28,9
DA:29,9
DA:32,4
DA:37,6
DA:38,2
DA:40,3
DA:45,3
DA:47,3
DA:48,3
LF:15
LH:15
end_of_record
TN:
SF:/Users/demo/Documents/development/nami/nami/contracts/nami-index-nav/src/contract.rs
FN:25,instantiate
FN:50,execute
FN:124,sudo
FN:163,query
FNF:4
FNDA:7,instantiate
FNDA:17,execute
FNDA:6,sudo
FNDA:9,query
DA:25,7
DA:31,7
DA:32,14
DA:33,0
DA:35,7
DA:36,7
DA:38,7
DA:40,7
DA:41,7
DA:42,7
DA:43,7
DA:45,8
DA:46,6
DA:50,17
DA:56,34
DA:57,17
DA:59,0
DA:60,0
DA:61,0
DA:62,0
DA:65,0
DA:66,0
DA:68,17
DA:69,17
DA:70,17
DA:72,14
DA:73,7
DA:74,14
DA:75,7
DA:77,0
DA:78,0
DA:79,0
DA:82,7
DA:83,7
DA:84,7
DA:86,3
DA:87,6
DA:88,3
DA:89,3
DA:90,6
DA:91,3
DA:93,2
DA:94,0
DA:95,0
DA:96,0
DA:97,0
DA:98,0
DA:99,0
DA:100,0
DA:103,1
DA:104,1
DA:105,1
DA:109,7
DA:110,14
DA:111,0
DA:112,0
DA:113,0
DA:116,17
DA:117,1
DA:119,0
DA:120,16
DA:124,6
DA:125,12
DA:127,0
DA:128,0
DA:129,0
DA:130,0
DA:132,0
DA:134,1
DA:135,1
DA:136,1
DA:137,1
DA:138,1
DA:139,1
DA:140,1
DA:143,4
DA:144,4
DA:145,4
DA:146,4
DA:147,4
DA:148,4
DA:149,4
DA:150,4
DA:151,4
DA:153,3
DA:155,1
DA:156,2
DA:157,0
DA:163,9
DA:164,18
DA:166,0
DA:167,0
DA:170,0
DA:171,0
DA:172,0
DA:173,0
DA:175,0
DA:176,2
DA:177,3
DA:179,4
LF:100
LH:66
end_of_record
TN:
SF:/Users/demo/Documents/development/nami/nami/contracts/nami-index-nav/src/events.rs
FN:3,event_deposit
FN:10,event_withdraw
FN:17,event_run
FNF:3
FNDA:7,event_deposit
FNDA:3,event_withdraw
FNDA:7,event_run
DA:3,7
DA:4,7
DA:5,7
DA:6,7
DA:7,7
DA:10,3
DA:11,3
DA:12,3
DA:13,3
DA:14,3
DA:17,7
DA:18,7
LF:12
LH:12
end_of_record
TN:
SF:/Users/demo/Documents/development/nami/nami/contracts/nami-index-nav/src/vault.rs
FN:20,Vault<'a>::new
FN:34,Vault<'a>::init
FN:56,Vault<'a>::save_allocation
FN:80,Vault<'a>::load_allocations
FN:104,Vault<'a>::nav
FN:130,Vault<'a>::rebalance
FN:152,Vault<'a>::withdraw
FN:213,Vault<'a>::status
FN:244,Vault<'a>::remove_allocation
FNF:9
FNDA:39,Vault<'a>::new
FNDA:7,Vault<'a>::init
FNDA:14,Vault<'a>::save_allocation
FNDA:28,Vault<'a>::load_allocations
FNDA:14,Vault<'a>::nav
FNDA:7,Vault<'a>::rebalance
FNDA:3,Vault<'a>::withdraw
FNDA:4,Vault<'a>::status
FNDA:1,Vault<'a>::remove_allocation
DA:20,39
DA:34,7
DA:39,7
DA:40,26
DA:41,1
DA:44,6
DA:46,22
DA:48,6
DA:50,6
DA:52,16
DA:54,6
DA:56,14
DA:61,14
DA:62,21
DA:63,0
DA:65,21
DA:66,0
DA:67,14
DA:68,7
DA:69,7
DA:70,0
DA:71,0
DA:72,1
DA:74,6
DA:76,13
DA:77,13
DA:80,28
DA:90,56
DA:91,28
DA:92,0
DA:93,56
DA:94,112
DA:95,28
DA:96,28
DA:98,56
DA:101,28
DA:104,14
DA:110,28
DA:111,14
DA:112,0
DA:113,14
DA:114,14
DA:115,14
DA:116,0
DA:118,12
DA:119,24
DA:120,0
DA:123,0
DA:124,5
DA:126,9
DA:127,9
DA:130,7
DA:131,14
DA:132,7
DA:134,7
DA:135,0
DA:136,8
DA:137,8
DA:141,7
DA:143,8
DA:144,8
DA:145,8
DA:146,8
DA:149,7
DA:152,3
DA:159,6
DA:160,3
DA:161,0
DA:162,0
DA:163,0
DA:167,3
DA:168,0
DA:171,0
DA:172,0
DA:173,0
DA:174,0
DA:176,0
DA:177,3
DA:178,0
DA:179,4
DA:180,2
DA:183,0
DA:184,0
DA:186,0
DA:187,0
DA:188,0
DA:189,0
DA:190,0
DA:191,0
DA:192,0
DA:193,0
DA:194,0
DA:197,0
DA:198,0
DA:199,0
DA:200,0
DA:202,0
DA:204,0
DA:205,0
DA:208,0
DA:210,0
DA:213,4
DA:218,8
DA:219,4
DA:220,0
DA:223,4
DA:225,4
DA:227,0
DA:229,9
DA:230,18
DA:231,0
DA:236,4
DA:237,4
DA:238,4
DA:239,4
DA:240,4
DA:244,1
DA:249,2
DA:250,1
DA:251,0
DA:252,0
LF:121
LH:76
end_of_record
TN:
SF:/Users/demo/Documents/development/nami/nami/packages/nami-rs/src/asset_allocation.rs
FN:22,AssetAllocation<T>::new
FN:38,AssetAllocation<T>::snapshot
FN:50,AssetAllocation<T>::target_value
FN:54,AssetAllocation<T>::rebalance_msg
FN:110,AssetAllocation<T>::swap_msg
FNF:5
FNDA:28,AssetAllocation<T>::new
FNDA:73,AssetAllocation<T>::snapshot
FNDA:13,AssetAllocation<T>::target_value
FNDA:14,AssetAllocation<T>::rebalance_msg
FNDA:4,AssetAllocation<T>::swap_msg
DA:22,28
DA:38,73
DA:43,146
DA:44,73
DA:45,1
DA:46,144
DA:47,72
DA:50,13
DA:51,13
DA:54,14
DA:62,28
DA:64,13
DA:65,0
DA:66,7
DA:68,6
DA:70,0
DA:71,1
DA:74,24
DA:75,6
DA:78,6
DA:79,6
DA:80,6
DA:81,6
DA:85,24
DA:86,10
DA:87,3
DA:89,9
DA:91,8
DA:92,0
DA:93,1
DA:98,0
DA:107,8
DA:110,4
DA:118,8
DA:119,4
DA:120,0
DA:122,0
DA:123,3
DA:124,2
DA:126,3
DA:127,0
DA:129,1
DA:131,0
DA:132,0
DA:133,0
DA:134,0
DA:135,0
DA:136,0
DA:138,1
DA:140,1
LF:50
LH:37
end_of_record
TN:
SF:/Users/demo/Documents/development/nami/nami/packages/nami-rs/src/fee_manager.rs
FN:18,FeeRates::validate
FN:59,FeeManager::new
FN:75,FeeManager::aum_fee
FN:108,FeeManager::tx_fee
FN:124,FeeManager::perf_fee
FNF:5
FNDA:28,FeeRates::validate
FNDA:28,FeeManager::new
FNDA:41,FeeManager::aum_fee
FNDA:8,FeeManager::tx_fee
FNDA:2,FeeManager::perf_fee
DA:18,28
DA:19,49
DA:21,0
DA:22,0
DA:26,35
DA:28,0
DA:29,0
DA:33,41
DA:35,0
DA:36,0
DA:40,28
DA:59,28
DA:60,28
DA:61,28
DA:62,28
DA:63,28
DA:64,28
DA:75,41
DA:80,41
DA:82,41
DA:84,41
DA:86,41
DA:87,36
DA:92,5
DA:94,5
DA:95,0
DA:98,5
DA:99,5
DA:108,8
DA:109,8
DA:111,16
DA:112,8
DA:114,8
DA:115,8
DA:124,2
DA:125,2
DA:127,2
DA:128,2
DA:129,1
DA:130,0
DA:132,1
DA:133,1
DA:135,1
LF:43
LH:35
end_of_record
TN:
SF:/Users/demo/Documents/development/nami/nami/packages/nami-rs/src/oracle.rs
FN:11,<impl Oracle for OracleConfig>::price
FNF:1
FNDA:67,<impl Oracle for OracleConfig>::price
DA:11,67
DA:12,67
DA:13,67
LF:3
LH:3
end_of_record
