TN:
SF:/Users/demo/Documents/development/nami/nami/contracts/nami-affiliate/src/bin/schema.rs
FN:5,main
FNF:1
FNDA:0,main
DA:5,0
DA:6,0
DA:7,0
DA:8,0
DA:9,0
DA:10,0
LF:6
LH:0
end_of_record
TN:
SF:/Users/demo/Documents/development/nami/nami/contracts/nami-affiliate/src/contract.rs
FN:19,instantiate
FN:36,execute
FN:119,sudo
FN:133,query
FNF:4
FNDA:3,instantiate
FNDA:13,execute
FNDA:0,sudo
FNDA:0,query
DA:19,3
DA:25,3
DA:26,6
DA:27,9
DA:28,3
DA:32,3
DA:36,13
DA:42,13
DA:44,6
DA:45,6
DA:46,6
DA:47,6
DA:48,6
DA:49,6
DA:50,6
DA:51,6
DA:52,6
DA:54,11
DA:55,1
DA:56,8
DA:57,4
DA:59,8
DA:60,8
DA:61,4
DA:62,4
DA:63,4
DA:64,4
DA:65,4
DA:66,4
DA:67,4
DA:72,0
DA:73,4
DA:75,4
DA:76,4
DA:77,4
DA:78,4
DA:82,4
DA:85,10
DA:86,5
DA:87,5
DA:88,5
DA:89,5
DA:91,5
DA:92,5
DA:93,5
DA:94,5
DA:96,5
DA:99,5
DA:101,7
DA:102,7
DA:103,7
DA:104,7
DA:105,1
DA:107,12
DA:108,0
DA:110,6
DA:111,6
DA:112,6
DA:119,0
DA:120,0
DA:121,0
DA:122,0
DA:123,0
DA:125,0
DA:126,0
DA:127,0
DA:133,0
DA:134,0
DA:136,0
DA:137,0
DA:139,0
LF:71
LH:56
end_of_record
TN:
SF:/Users/demo/Documents/development/nami/nami/contracts/nami-affiliate/src/events.rs
FN:3,execute_event
FNF:1
FNDA:6,execute_event
DA:3,6
DA:4,6
DA:5,6
DA:6,11
DA:7,0
DA:8,0
DA:9,0
DA:11,1
DA:12,1
DA:13,1
DA:15,6
LF:11
LH:8
end_of_record
TN:
SF:/Users/demo/Documents/development/nami/nami/contracts/nami-index-entry-adapter/src/bin/schema.rs
FN:5,main
FNF:1
FNDA:0,main
DA:5,0
DA:6,0
DA:7,0
DA:8,0
DA:9,0
DA:10,0
LF:6
LH:0
end_of_record
TN:
SF:/Users/demo/Documents/development/nami/nami/contracts/nami-index-entry-adapter/src/config.rs
FN:14,<impl From for Config>::from
FN:22,Config::load
FN:26,Config::save
FNF:3
FNDA:3,<impl From for Config>::from
FNDA:26,Config::load
FNDA:3,Config::save
DA:14,3
DA:16,3
DA:22,26
DA:23,26
DA:26,3
DA:27,3
LF:6
LH:6
end_of_record
TN:
SF:/Users/demo/Documents/development/nami/nami/contracts/nami-index-entry-adapter/src/contract.rs
FN:26,instantiate
FN:48,execute
FN:211,sudo
FN:232,query
FNF:4
FNDA:3,instantiate
FNDA:23,execute
FNDA:2,sudo
FNDA:3,query
DA:26,3
DA:32,3
DA:33,3
DA:34,3
DA:35,12
DA:36,9
DA:37,9
DA:38,9
DA:39,9
DA:40,9
DA:41,9
DA:44,3
DA:48,23
DA:54,46
DA:55,0
DA:56,8
DA:57,8
DA:58,7
DA:59,0
DA:60,0
DA:66,23
DA:67,45
DA:68,23
DA:69,23
DA:70,23
DA:71,23
DA:72,23
DA:73,23
DA:75,23
DA:77,0
DA:78,0
DA:81,0
DA:82,0
DA:83,0
DA:84,1
DA:85,1
DA:86,1
DA:91,6
DA:92,6
DA:96,6
DA:98,6
DA:100,1
DA:101,2
DA:102,1
DA:104,0
DA:105,0
DA:109,0
DA:111,0
DA:112,0
DA:113,1
DA:115,14
DA:116,14
DA:117,14
DA:118,14
DA:119,0
DA:121,14
DA:122,6
DA:123,6
DA:124,6
DA:125,0
DA:126,0
DA:127,0
DA:128,11
DA:129,0
DA:130,0
DA:131,0
DA:132,0
DA:133,0
DA:138,6
DA:139,6
DA:143,6
DA:145,6
DA:147,6
DA:149,1
DA:150,2
DA:151,1
DA:153,3
DA:154,3
DA:155,3
DA:156,3
DA:157,3
DA:158,3
DA:159,3
DA:160,3
DA:161,3
DA:163,3
DA:165,3
DA:169,0
DA:170,0
DA:171,0
DA:172,0
DA:173,0
DA:174,0
DA:176,1
DA:178,1
DA:181,1
DA:183,7
DA:184,14
DA:185,7
DA:187,7
DA:188,7
DA:189,0
DA:190,0
DA:191,0
DA:192,0
DA:196,7
DA:197,7
DA:198,7
DA:200,7
DA:203,7
DA:211,2
DA:212,4
DA:213,0
DA:214,1
DA:215,1
DA:216,1
DA:217,1
DA:218,1
DA:219,1
DA:220,1
DA:222,1
DA:224,1
DA:225,1
DA:226,1
DA:232,3
DA:233,3
DA:234,1
DA:236,2
DA:237,0
DA:239,1
DA:240,2
DA:241,0
LF:132
LH:97
end_of_record
TN:
SF:/Users/demo/Documents/development/nami/nami/contracts/nami-index-entry-adapter/src/index.rs
FN:19,Index::load
FN:30,Index::deposit_msg
FN:86,Index::withdraw_msg
FNF:3
FNDA:7,Index::load
FNDA:10,Index::deposit_msg
FNDA:1,Index::withdraw_msg
DA:19,7
DA:20,7
DA:21,7
DA:22,0
DA:23,0
DA:24,0
DA:25,0
DA:26,0
DA:30,10
DA:35,19
DA:36,10
DA:38,35
DA:39,50
DA:41,1
DA:42,1
DA:45,24
DA:46,24
DA:50,8
DA:52,24
DA:54,9
DA:55,2
DA:57,8
DA:61,22
DA:62,44
DA:63,22
DA:65,6
DA:66,6
DA:67,6
DA:68,6
DA:69,6
DA:72,22
DA:78,0
DA:83,8
DA:86,1
DA:87,1
DA:88,1
DA:89,1
DA:90,1
DA:92,1
LF:39
LH:33
end_of_record
TN:
SF:/Users/demo/Documents/development/nami/nami/contracts/nami-index-entry-adapter/src/state.rs
FN:15,Status<'a>::new
FN:21,Status<'a>::add_contract
FN:40,Status<'a>::remove_contract
FN:45,Status<'a>::swap_msg
FN:68,Status<'a>::get_swap_contracts
FN:78,Status<'a>::get
FNF:6
FNDA:0,Status<'a>::new
FNDA:10,Status<'a>::add_contract
FNDA:1,Status<'a>::remove_contract
FNDA:30,Status<'a>::swap_msg
FNDA:1,Status<'a>::get_swap_contracts
FNDA:1,Status<'a>::get
DA:15,0
DA:17,0
DA:21,10
DA:29,10
DA:30,10
DA:31,0
DA:32,0
DA:33,0
DA:34,0
DA:36,10
DA:37,10
DA:40,1
DA:41,1
DA:42,1
DA:45,30
DA:52,30
DA:53,30
DA:54,29
DA:55,29
DA:56,29
DA:57,29
DA:58,29
DA:59,29
DA:61,29
DA:63,29
DA:64,1
DA:68,1
DA:69,1
DA:70,1
DA:71,4
DA:72,6
DA:73,0
DA:78,1
DA:79,1
LF:34
LH:27
end_of_record
TN:
SF:/Users/demo/Documents/development/nami/nami/contracts/nami-index-fixed/src/bin/schema.rs
FN:5,main
FNF:1
FNDA:0,main
DA:5,0
DA:6,0
DA:7,0
DA:8,0
DA:9,0
DA:10,0
LF:6
LH:0
end_of_record
TN:
SF:/Users/demo/Documents/development/nami/nami/contracts/nami-index-fixed/src/config.rs
FN:15,Config::new
FN:22,Config::load
FN:26,Config::save
FN:30,Config::update
FN:39,<impl From for ConfigResponse>::from
FNF:5
FNDA:13,Config::new
FNDA:59,Config::load
FNDA:15,Config::save
FNDA:4,Config::update
FNDA:1,<impl From for ConfigResponse>::from
DA:15,13
DA:16,13
DA:17,13
DA:18,13
DA:22,59
DA:23,59
DA:26,15
DA:27,15
DA:30,4
DA:31,6
DA:32,2
DA:34,3
DA:39,1
DA:41,1
DA:42,1
LF:15
LH:15
end_of_record
TN:
SF:/Users/demo/Documents/development/nami/nami/contracts/nami-index-fixed/src/contract.rs
FN:28,instantiate
FN:53,execute
FN:140,sudo
FN:188,query
FNF:4
FNDA:13,instantiate
FNDA:23,execute
FNDA:13,sudo
FNDA:22,query
DA:28,13
DA:34,13
DA:35,26
DA:36,0
DA:38,13
DA:39,13
DA:41,13
DA:42,13
DA:43,13
DA:44,13
DA:45,13
DA:46,13
DA:49,13
DA:53,23
DA:59,46
DA:60,23
DA:62,0
DA:63,0
DA:65,0
DA:66,23
DA:67,23
DA:68,23
DA:70,28
DA:71,0
DA:72,0
DA:73,0
DA:74,0
DA:76,14
DA:77,14
DA:80,6
DA:81,3
DA:82,3
DA:83,6
DA:84,0
DA:85,0
DA:86,0
DA:87,0
DA:90,0
DA:93,0
DA:94,0
DA:95,0
DA:96,0
DA:98,3
DA:100,3
DA:101,6
DA:102,0
DA:103,0
DA:104,0
DA:105,0
DA:107,3
DA:108,0
DA:109,0
DA:111,0
DA:112,0
DA:117,0
DA:120,0
DA:121,0
DA:122,3
DA:124,3
DA:129,6
DA:132,25
DA:133,2
DA:135,0
DA:136,23
DA:140,13
DA:141,26
DA:143,0
DA:144,0
DA:146,13
DA:147,0
DA:148,0
DA:150,3
DA:151,3
DA:152,3
DA:153,3
DA:155,3
DA:156,0
DA:157,3
DA:158,3
DA:161,1
DA:162,1
DA:163,1
DA:164,1
DA:165,1
DA:166,1
DA:167,1
DA:169,2
DA:170,3
DA:171,1
DA:173,7
DA:174,7
DA:175,7
DA:176,7
DA:177,7
DA:178,7
DA:179,7
DA:181,6
DA:182,6
DA:188,22
DA:189,44
DA:191,0
DA:192,0
DA:194,0
DA:195,0
DA:196,2
DA:198,20
DA:199,20
LF:107
LH:69
end_of_record
TN:
SF:/Users/demo/Documents/development/nami/nami/contracts/nami-index-fixed/src/events.rs
FN:3,event_deposit
FN:16,event_withdraw
FN:29,event_reallocate
FNF:3
FNDA:14,event_deposit
FNDA:3,event_withdraw
FNDA:3,event_reallocate
DA:3,14
DA:4,14
DA:6,69
DA:10,14
DA:11,14
DA:12,14
DA:13,14
DA:16,3
DA:17,3
DA:19,15
DA:23,3
DA:24,3
DA:25,3
DA:26,3
DA:29,3
DA:30,3
DA:31,3
DA:32,3
DA:33,3
LF:19
LH:19
end_of_record
TN:
SF:/Users/demo/Documents/development/nami/nami/contracts/nami-index-fixed/src/vault.rs
FN:20,Vault<'a>::new
FN:27,Vault<'a>::init
FN:39,Vault<'a>::add_allocation
FN:59,Vault<'a>::deposit
FN:83,Vault<'a>::withdraw
FN:97,Vault<'a>::rebalance
FN:125,Vault<'a>::reallocate
FN:157,Vault<'a>::remove_allocation
FN:167,Vault<'a>::status
FNF:9
FNDA:49,Vault<'a>::new
FNDA:13,Vault<'a>::init
FNDA:43,Vault<'a>::add_allocation
FNDA:14,Vault<'a>::deposit
FNDA:3,Vault<'a>::withdraw
FNDA:26,Vault<'a>::rebalance
FNDA:3,Vault<'a>::reallocate
FNDA:2,Vault<'a>::remove_allocation
FNDA:20,Vault<'a>::status
DA:20,49
DA:27,13
DA:33,85
DA:34,0
DA:36,13
DA:39,43
DA:47,86
DA:48,43
DA:49,0
DA:50,0
DA:51,0
DA:52,1
DA:53,1
DA:55,42
DA:56,42
DA:59,14
DA:60,14
DA:62,69
DA:65,14
DA:67,55
DA:68,82
DA:69,41
DA:70,0
DA:71,0
DA:72,0
DA:73,27
DA:74,14
DA:75,54
DA:76,0
DA:80,14
DA:83,3
DA:87,3
DA:88,3
DA:89,12
DA:90,18
DA:91,9
DA:92,9
DA:97,26
DA:102,26
DA:103,3
DA:106,23
DA:107,0
DA:108,68
DA:109,136
DA:110,0
DA:114,159
DA:115,68
DA:116,0
DA:117,0
DA:118,0
DA:119,0
DA:122,23
DA:125,3
DA:133,6
DA:134,3
DA:136,0
DA:138,9
DA:140,3
DA:141,0
DA:142,0
DA:145,0
DA:146,0
DA:147,0
DA:148,0
DA:149,0
DA:150,0
DA:152,3
DA:154,3
DA:157,2
DA:161,4
DA:162,1
DA:163,1
DA:164,1
DA:167,20
DA:171,40
DA:172,20
DA:173,217
DA:176,0
DA:177,0
DA:178,0
LF:80
LH:54
end_of_record
TN:
SF:/Users/demo/Documents/development/nami/nami/contracts/nami-index-nav/src/bin/schema.rs
FN:5,main
FNF:1
FNDA:0,main
DA:5,0
DA:6,0
DA:7,0
DA:8,0
DA:9,0
DA:10,0
LF:6
LH:0
end_of_record
TN:
SF:/Users/demo/Documents/development/nami/nami/contracts/nami-index-nav/src/config.rs
FN:17,Config::new
FN:24,Config::load
FN:28,Config::save
FN:32,Config::update
FN:45,<impl From for ConfigResponse>::from
FNF:5
FNDA:8,Config::new
FNDA:41,Config::load
FNDA:10,Config::save
FNDA:4,Config::update
FNDA:4,<impl From for ConfigResponse>::from
DA:17,8
DA:18,8
DA:19,8
DA:20,8
DA:24,41
DA:25,41
DA:28,10
DA:29,10
DA:32,4
DA:37,6
DA:38,2
DA:40,3
DA:45,4
DA:47,4
DA:48,4
LF:15
LH:15
end_of_record
TN:
SF:/Users/demo/Documents/development/nami/nami/contracts/nami-index-nav/src/contract.rs
FN:25,instantiate
FN:50,execute
FN:124,sudo
FN:163,query
FNF:4
FNDA:8,instantiate
FNDA:21,execute
FNDA:6,sudo
FNDA:13,query
DA:25,8
DA:31,8
DA:32,16
DA:33,0
DA:35,8
DA:36,8
DA:38,8
DA:40,8
DA:41,8
DA:42,8
DA:43,8
DA:45,9
DA:46,7
DA:50,21
DA:56,42
DA:57,21
DA:59,0
DA:60,0
DA:61,0
DA:62,0
DA:65,0
DA:66,0
DA:68,21
DA:69,21
DA:70,21
DA:72,16
DA:73,8
DA:74,16
DA:75,8
DA:77,0
DA:78,0
DA:79,0
DA:82,8
DA:83,8
DA:84,8
DA:86,4
DA:87,8
DA:88,4
DA:89,4
DA:90,8
DA:91,4
DA:93,3
DA:94,0
DA:95,0
DA:96,0
DA:97,0
DA:98,0
DA:99,0
DA:100,0
DA:103,1
DA:104,1
DA:105,1
DA:109,9
DA:110,18
DA:111,0
DA:112,0
DA:113,0
DA:116,21
DA:117,1
DA:119,0
DA:120,20
DA:124,6
DA:125,12
DA:127,0
DA:128,0
DA:129,0
DA:130,0
DA:132,0
DA:134,1
DA:135,1
DA:136,1
DA:137,1
DA:138,1
DA:139,1
DA:140,1
DA:143,4
DA:144,4
DA:145,4
DA:146,4
DA:147,4
DA:148,4
DA:149,4
DA:150,4
DA:151,4
DA:153,3
DA:155,1
DA:156,2
DA:157,0
DA:163,13
DA:164,26
DA:166,0
DA:167,0
DA:170,0
DA:171,0
DA:172,0
DA:173,0
DA:175,0
DA:176,3
DA:177,4
DA:179,6
LF:100
LH:66
end_of_record
TN:
SF:/Users/demo/Documents/development/nami/nami/contracts/nami-index-nav/src/events.rs
FN:3,event_deposit
FN:10,event_withdraw
FN:17,event_run
FNF:3
FNDA:8,event_deposit
FNDA:4,event_withdraw
FNDA:9,event_run
DA:3,8
DA:4,8
DA:5,8
DA:6,8
DA:7,8
DA:10,4
DA:11,4
DA:12,4
DA:13,4
DA:14,4
DA:17,9
DA:18,9
LF:12
LH:12
end_of_record
TN:
SF:/Users/demo/Documents/development/nami/nami/contracts/nami-index-nav/src/vault.rs
FN:20,Vault<'a>::new
FN:34,Vault<'a>::init
FN:56,Vault<'a>::save_allocation
FN:80,Vault<'a>::load_allocations
FN:104,Vault<'a>::nav
FN:130,Vault<'a>::rebalance
FN:152,Vault<'a>::withdraw
FN:213,Vault<'a>::status
FN:244,Vault<'a>::remove_allocation
FNF:9
FNDA:48,Vault<'a>::new
FNDA:8,Vault<'a>::init
FNDA:16,Vault<'a>::save_allocation
FNDA:37,Vault<'a>::load_allocations
FNDA:18,Vault<'a>::nav
FNDA:9,Vault<'a>::rebalance
FNDA:4,Vault<'a>::withdraw
FNDA:6,Vault<'a>::status
FNDA:1,Vault<'a>::remove_allocation
DA:20,48
DA:34,8
DA:39,8
DA:40,30
DA:41,1
DA:44,7
DA:46,26
DA:48,7
DA:50,7
DA:52,19
DA:54,7
DA:56,16
DA:61,16
DA:62,24
DA:63,0
DA:65,24
DA:66,0
DA:67,16
DA:68,8
DA:69,8
DA:70,0
DA:71,2
DA:72,1
DA:74,7
DA:76,15
DA:77,15
DA:80,37
DA:90,74
DA:91,37
DA:92,0
DA:93,74
DA:94,148
DA:95,37
DA:96,37
DA:98,74
DA:101,37
DA:104,18
DA:110,36
DA:111,18
DA:112,0
DA:113,18
DA:114,18
DA:115,18
DA:116,0
DA:118,16
DA:119,32
DA:120,0
DA:123,0
DA:124,6
DA:126,12
DA:127,12
DA:130,9
DA:131,18
DA:132,9
DA:134,9
DA:135,0
DA:136,10
DA:137,10
DA:141,9
DA:143,10
DA:144,10
DA:145,10
DA:146,10
DA:149,9
DA:152,4
DA:159,8
DA:160,4
DA:161,0
DA:162,0
DA:163,0
DA:167,4
DA:168,0
DA:171,0
DA:172,0
DA:173,0
DA:174,0
DA:176,0
DA:177,4
DA:178,0
DA:179,5
DA:180,3
DA:183,0
DA:184,0
DA:186,0
DA:187,0
DA:188,0
DA:189,0
DA:190,0
DA:191,0
DA:192,0
DA:193,0
DA:194,0
DA:197,0
DA:198,0
DA:199,0
DA:200,0
DA:202,0
DA:204,0
DA:205,0
DA:208,0
DA:210,0
DA:213,6
DA:218,12
DA:219,6
DA:220,0
DA:223,6
DA:225,6
DA:227,0
DA:229,13
DA:230,26
DA:231,0
DA:236,6
DA:237,6
DA:238,6
DA:239,6
DA:240,6
DA:244,1
DA:249,2
DA:250,1
DA:251,0
DA:252,0
LF:121
LH:77
end_of_record
TN:
SF:/Users/demo/Documents/development/nami/nami/packages/nami-rs/src/asset_allocation.rs
FN:22,AssetAllocation<T>::new
FN:38,AssetAllocation<T>::snapshot
FN:50,AssetAllocation<T>::target_value
FN:54,AssetAllocation<T>::rebalance_msg
FN:110,AssetAllocation<T>::swap_msg
FNF:5
FNDA:30,AssetAllocation<T>::new
FNDA:92,AssetAllocation<T>::snapshot
FNDA:15,AssetAllocation<T>::target_value
FNDA:16,AssetAllocation<T>::rebalance_msg
FNDA:4,AssetAllocation<T>::swap_msg
DA:22,30
DA:38,92
DA:43,184
DA:44,92
DA:45,1
DA:46,182
DA:47,91
DA:50,15
DA:51,15
DA:54,16
DA:62,32
DA:64,15
DA:65,0
DA:66,7
DA:68,8
DA:70,0
DA:71,2
DA:74,26
DA:75,6
DA:78,7
DA:79,7
DA:80,7
DA:81,7
DA:85,26
DA:86,11
DA:87,3
DA:89,10
DA:91,9
DA:92,0
DA:93,1
DA:98,0
DA:107,9
DA:110,4
DA:118,8
DA:119,4
DA:120,0
DA:122,0
DA:123,3
DA:124,2
DA:126,3
DA:127,0
DA:129,1
DA:131,0
DA:132,0
DA:133,0
DA:134,0
DA:135,0
DA:136,0
DA:138,1
DA:140,1
LF:50
LH:37
end_of_record
TN:
SF:/Users/demo/Documents/development/nami/nami/packages/nami-rs/src/fee_manager.rs
FN:18,FeeRates::validate
FN:59,FeeManager::new
FN:75,FeeManager::aum_fee
FN:108,FeeManager::tx_fee
FN:124,FeeManager::perf_fee
FNF:5
FNDA:30,FeeRates::validate
FNDA:30,FeeManager::new
FNDA:47,FeeManager::aum_fee
FNDA:9,FeeManager::tx_fee
FNDA:2,FeeManager::perf_fee
DA:18,30
DA:19,51
DA:21,0
DA:22,0
DA:26,37
DA:28,0
DA:29,0
DA:33,43
DA:35,0
DA:36,0
DA:40,30
DA:59,30
DA:60,30
DA:61,30
DA:62,30
DA:63,30
DA:64,30
DA:75,47
DA:80,47
DA:82,47
DA:84,47
DA:86,47
DA:87,42
DA:92,5
DA:94,5
DA:95,0
DA:98,5
DA:99,5
DA:108,9
DA:109,9
DA:111,18
DA:112,9
DA:114,9
DA:115,9
DA:124,2
DA:125,2
DA:127,2
DA:128,2
DA:129,1
DA:130,0
DA:132,1
DA:133,1
DA:135,1
LF:43
LH:35
end_of_record
TN:
SF:/Users/demo/Documents/development/nami/nami/packages/nami-rs/src/oracle.rs
FN:11,<impl Oracle for OracleConfig>::price
FNF:1
FNDA:87,<impl Oracle for OracleConfig>::price
DA:11,87
DA:12,87
DA:13,87
LF:3
LH:3
end_of_record
